<?xml version="1.0" encoding="UTF-8"?>
<!-- Generated by org.testng.reporters.JUnitXMLReporter -->
<testsuite hostname="DESKTOP-27L8JE7" ignored="3" name="TestGroup" tests="1" failures="0" timestamp="20 Mar 2020 05:27:04 GMT" time="18.648" errors="0">
  <testcase name="amazonTest" time="6.751" classname="com.testng.NG_003"/>
  <testcase name="linktesting1" time="0.0" classname="com.testng.LinksTesting1">
    <ignored/>
  </testcase> <!-- linktesting1 -->
  <testcase name="RadioButtonTest" time="0.0" classname="com.testng.RadioButton1">
    <ignored/>
  </testcase> <!-- RadioButtonTest -->
  <testcase name="checkboxTest" time="0.0" classname="com.testng.CheckBox1">
    <ignored/>
  </testcase> <!-- checkboxTest -->
</testsuite> <!-- TestGroup -->
