<?xml version="1.0" encoding="UTF-8"?>
<!-- Generated by org.testng.reporters.JUnitXMLReporter -->
<testsuite hostname="DESKTOP-27L8JE7" ignored="0" name="RegressionTest" tests="4" failures="0" timestamp="19 Mar 2020 05:55:49 GMT" time="39.364" errors="0">
  <testcase name="checkboxTest" time="0.135" classname="com.testng.CheckBox1"/>
  <testcase name="linktesting1" time="1.481" classname="com.testng.LinksTesting1"/>
  <testcase name="RadioButtonTest" time="2.647" classname="com.testng.RadioButton1"/>
  <testcase name="amazonTest" time="11.322" classname="com.testng.NG_003"/>
</testsuite> <!-- RegressionTest -->
