Initilizing the properties files.....
Opened the browser : - chrome
Navigated to url :- https://www.amazon.in
Initilizing the properties files.....
Opened the browser : - chrome
Navigated to url :- https://www.amazon.in
Selected the option :- Books by using locator :- searchDropdownBox
Initilizing the properties files.....
Opened the browser : - chrome
Navigated to url :- https://www.amazon.in
Selected the option :- Books by using locator :- searchDropdownBox
Entered the text :- Harry Potter By using the locator :- field-keywords
Clicked on element by using locator :- //div[@class='nav-search-submit nav-sprite']//input[@class='nav-input']
Initilizing the properties files.....
Opened the browser : - chrome
Navigated to url :- https://www.amazon.in
Selected the option :- Books by using locator :- searchDropdownBox
Entered the text :- Harry Potter By using the locator :- field-keywords
Clicked on element by using locator :- //div[@class='nav-search-submit nav-sprite']//input[@class='nav-input']
Initilizing the properties files.....
Opened the browser : - chrome
Navigated to url :- https://www.amazon.in
Selected the option :- Books by using locator :- searchDropdownBox
Entered the text :- Harry Potter By using the locator :- field-keywords
Clicked on element by using locator :- //div[@class='nav-search-submit nav-sprite']//input[@class='nav-input']
Initilizing the properties files.....
Opened the browser : - chrome
Navigated to url :- https://www.amazon.in
Selected the option :- Books by using locator :- searchDropdownBox
Entered the text :- Harry Potter By using the locator :- field-keywords
Clicked on element by using locator :- //div[@class='nav-search-submit nav-sprite']//input[@class='nav-input']
Retrying test amazonTest with status FAILURE for the 1 time(s).
Retrying test amazonTest with status FAILURE for the 2 time(s).
