<?xml version="1.0" encoding="UTF-8"?>
<!-- Generated by org.testng.reporters.JUnitXMLReporter -->
<testsuite hostname="DESKTOP-27L8JE7" ignored="1" name="myTest" tests="4" failures="0" timestamp="19 Mar 2020 05:23:53 GMT" time="13.732" errors="0">
  <testcase name="f" time="0.009" classname="com.testng.NG_001"/>
  <testcase name="amazonTest" time="12.216" classname="com.testng.NG_003"/>
  <testcase name="f" time="0.006" classname="com.testng.NG_002"/>
  <testcase name="z" time="0.005" classname="com.testng.NG_002"/>
  <testcase name="a" time="0.0" classname="com.testng.NG_002">
    <ignored/>
  </testcase> <!-- a -->
</testsuite> <!-- myTest -->
